Build started 5. 2. 2015 19:05:27.
     1>Project "C:\Users\Martin\Documents\GitHub\Our-very-first-game\The_Game\The_Game\The_Game.vcxproj" on node 2 (Build target(s)).
     1>ClCompile:
         C:\Program Files (x86)\Microsoft Visual Studio 12.0\VC\bin\CL.exe /c /I"C:\Users\Martin\Documents\GitHub\Our-very-first-game\SFML\include" /Zi /nologo /W3 /WX- /sdl /O2 /Oi /Oy- /GL /D WIN32 /D NDEBUG /D _CONSOLE /D _LIB /D _UNICODE /D UNICODE /Gm- /EHsc /MD /GS /Gy /fp:precise /Zc:wchar_t /Zc:forScope /Fo"Release\\" /Fd"Release\vc120.pdb" /Gd /TP /analyze- /errorReport:prompt armor.cpp main.cpp
         armor.cpp
         main.cpp
     1>main.cpp(70): error C2196: case value '5' already used
     1>main.cpp(72): error C2274: 'function-style cast' : illegal as right side of '.' operator
     1>main.cpp(187): warning C4018: '>=' : signed/unsigned mismatch
     1>main.cpp(190): warning C4018: '>=' : signed/unsigned mismatch
     1>Done Building Project "C:\Users\Martin\Documents\GitHub\Our-very-first-game\The_Game\The_Game\The_Game.vcxproj" (Build target(s)) -- FAILED.

Build FAILED.

Time Elapsed 00:00:01.06
